<?xml version="1.0" encoding="UTF-8"?>
<testsuite xmlns:xsi="http://www.w3.org/2001/XMLSchema-instance" xsi:noNamespaceSchemaLocation="https://maven.apache.org/surefire/maven-surefire-plugin/xsd/surefire-test-report.xsd" name="bryan.array.ArrayTest" time="0.054" tests="21" errors="0" skipped="0" failures="0">
  <properties>
    <property name="java.specification.version" value="21"/>
    <property name="sun.cpu.isalist" value="amd64"/>
    <property name="sun.jnu.encoding" value="Cp1252"/>
    <property name="java.class.path" value="C:\Users\Bryan\Documents\Proyecto\coleccion\target\test-classes;C:\Users\Bryan\Documents\Proyecto\coleccion\target\classes;C:\Users\Bryan\.m2\repository\junit\junit\4.11\junit-4.11.jar;C:\Users\Bryan\.m2\repository\org\hamcrest\hamcrest-core\1.3\hamcrest-core-1.3.jar;"/>
    <property name="java.vm.vendor" value="Oracle Corporation"/>
    <property name="sun.arch.data.model" value="64"/>
    <property name="user.variant" value=""/>
    <property name="java.vendor.url" value="https://java.oracle.com/"/>
    <property name="user.timezone" value="America/Bogota"/>
    <property name="os.name" value="Windows 11"/>
    <property name="java.vm.specification.version" value="21"/>
    <property name="user.country" value="CO"/>
    <property name="sun.java.launcher" value="SUN_STANDARD"/>
    <property name="sun.boot.library.path" value="C:\Program Files\Java\jdk-21\bin"/>
    <property name="sun.java.command" value="C:\Users\Bryan\AppData\Local\Temp\surefire6344148078526025358\surefirebooter15112604307842806100.jar C:\Users\Bryan\AppData\Local\Temp\surefire6344148078526025358 2024-03-07T17-36-33_852-jvmRun1 surefire13232796113488500287tmp surefire_010131889013868211457tmp"/>
    <property name="jdk.debug" value="release"/>
    <property name="surefire.test.class.path" value="C:\Users\Bryan\Documents\Proyecto\coleccion\target\test-classes;C:\Users\Bryan\Documents\Proyecto\coleccion\target\classes;C:\Users\Bryan\.m2\repository\junit\junit\4.11\junit-4.11.jar;C:\Users\Bryan\.m2\repository\org\hamcrest\hamcrest-core\1.3\hamcrest-core-1.3.jar;"/>
    <property name="sun.cpu.endian" value="little"/>
    <property name="user.home" value="C:\Users\Bryan"/>
    <property name="user.language" value="es"/>
    <property name="java.specification.vendor" value="Oracle Corporation"/>
    <property name="java.version.date" value="2024-01-16"/>
    <property name="java.home" value="C:\Program Files\Java\jdk-21"/>
    <property name="file.separator" value="\"/>
    <property name="basedir" value="C:\Users\Bryan\Documents\Proyecto\coleccion"/>
    <property name="java.vm.compressedOopsMode" value="Zero based"/>
    <property name="line.separator" value="&#10;"/>
    <property name="java.vm.specification.vendor" value="Oracle Corporation"/>
    <property name="java.specification.name" value="Java Platform API Specification"/>
    <property name="surefire.real.class.path" value="C:\Users\Bryan\AppData\Local\Temp\surefire6344148078526025358\surefirebooter15112604307842806100.jar"/>
    <property name="user.script" value=""/>
    <property name="sun.management.compiler" value="HotSpot 64-Bit Tiered Compilers"/>
    <property name="java.runtime.version" value="21.0.2+13-LTS-58"/>
    <property name="user.name" value="Bryan"/>
    <property name="stdout.encoding" value="Cp1252"/>
    <property name="path.separator" value=";"/>
    <property name="os.version" value="10.0"/>
    <property name="java.runtime.name" value="Java(TM) SE Runtime Environment"/>
    <property name="file.encoding" value="UTF-8"/>
    <property name="java.vm.name" value="Java HotSpot(TM) 64-Bit Server VM"/>
    <property name="maven.ext.class.path" value="C:\Program Files\NetBeans-21\netbeans\java\maven-nblib\netbeans-eventspy.jar"/>
    <property name="localRepository" value="C:\Users\Bryan\.m2\repository"/>
    <property name="java.vendor.url.bug" value="https://bugreport.java.com/bugreport/"/>
    <property name="java.io.tmpdir" value="C:\Users\Bryan\AppData\Local\Temp\"/>
    <property name="java.version" value="21.0.2"/>
    <property name="user.dir" value="C:\Users\Bryan\Documents\Proyecto\coleccion"/>
    <property name="os.arch" value="amd64"/>
    <property name="java.vm.specification.name" value="Java Virtual Machine Specification"/>
    <property name="sun.os.patch.level" value=""/>
    <property name="native.encoding" value="Cp1252"/>
    <property name="java.library.path" value="C:\Program Files\Java\jdk-21\bin;C:\Windows\Sun\Java\bin;C:\Windows\system32;C:\Windows;C:\Program Files\Common Files\Oracle\Java\javapath;C:\Program Files (x86)\Common Files\Oracle\Java\javapath;C:\Windows\system32;C:\Windows;C:\Windows\System32\Wbem;C:\Windows\System32\WindowsPowerShell\v1.0\;C:\Windows\System32\OpenSSH\;C:\Users\Bryan\AppData\Local\Programs\Python\Python312;C:\Users\Bryan\AppData\Local\Programs\Python\Python312\Scripts;C:\Users\Bryan\AppData\Local\Programs\Python\Launcher\;C:\Users\Bryan\AppData\Local\Microsoft\WindowsApps;C:\Users\Bryan\AppData\Local\Programs\Microsoft VS Code\bin;."/>
    <property name="java.vm.info" value="mixed mode, sharing"/>
    <property name="stderr.encoding" value="Cp1252"/>
    <property name="java.vendor" value="Oracle Corporation"/>
    <property name="java.vm.version" value="21.0.2+13-LTS-58"/>
    <property name="sun.io.unicode.encoding" value="UnicodeLittle"/>
    <property name="java.class.version" value="65.0"/>
  </properties>
  <testcase name="testLastIndex" classname="bryan.array.ArrayTest" time="0.007"/>
  <testcase name="testAdd" classname="bryan.array.ArrayTest" time="0"/>
  <testcase name="testGet" classname="bryan.array.ArrayTest" time="0"/>
  <testcase name="testSet" classname="bryan.array.ArrayTest" time="0"/>
  <testcase name="testClear" classname="bryan.array.ArrayTest" time="0.001"/>
  <testcase name="testAdd2" classname="bryan.array.ArrayTest" time="0"/>
  <testcase name="testAdd3" classname="bryan.array.ArrayTest" time="0"/>
  <testcase name="testSize" classname="bryan.array.ArrayTest" time="0.001"/>
  <testcase name="testForEach" classname="bryan.array.ArrayTest" time="0"/>
  <testcase name="testDimension" classname="bryan.array.ArrayTest" time="0"/>
  <testcase name="testContains" classname="bryan.array.ArrayTest" time="0"/>
  <testcase name="testContains2" classname="bryan.array.ArrayTest" time="0"/>
  <testcase name="testContains3" classname="bryan.array.ArrayTest" time="0.001"/>
  <testcase name="testRemove2" classname="bryan.array.ArrayTest" time="0.001"/>
  <testcase name="testRemove3" classname="bryan.array.ArrayTest" time="0"/>
  <testcase name="testReverse" classname="bryan.array.ArrayTest" time="0"/>
  <testcase name="testIndexOf" classname="bryan.array.ArrayTest" time="0"/>
  <testcase name="testDefragment" classname="bryan.array.ArrayTest" time="0"/>
  <testcase name="testIsEmpty" classname="bryan.array.ArrayTest" time="0"/>
  <testcase name="testRemove" classname="bryan.array.ArrayTest" time="0"/>
  <testcase name="testIterator" classname="bryan.array.ArrayTest" time="0"/>
</testsuite>